{"/Users/galkrigel/Documents/projects/Gals-final-web-project/server/webserver/src/app.ts": {"path":"/Users/galkrigel/Documents/projects/Gals-final-web-project/server/webserver/src/app.ts","statementMap":{"0":{"start":{"line":1,"column":0},"end":{"line":1,"column":25}},"1":{"start":{"line":2,"column":0},"end":{"line":2,"column":13}},"2":{"start":{"line":3,"column":0},"end":{"line":3,"column":43}},"3":{"start":{"line":4,"column":0},"end":{"line":4,"column":24}},"4":{"start":{"line":5,"column":0},"end":{"line":5,"column":32}},"5":{"start":{"line":6,"column":0},"end":{"line":6,"column":37}},"6":{"start":{"line":7,"column":0},"end":{"line":7,"column":44}},"7":{"start":{"line":8,"column":0},"end":{"line":8,"column":52}},"8":{"start":{"line":9,"column":0},"end":{"line":9,"column":44}},"9":{"start":{"line":10,"column":0},"end":{"line":10,"column":43}},"10":{"start":{"line":11,"column":0},"end":{"line":11,"column":41}},"11":{"start":{"line":13,"column":16},"end":{"line":49,"column":1}},"12":{"start":{"line":14,"column":18},"end":{"line":25,"column":4}},"13":{"start":{"line":26,"column":16},"end":{"line":26,"column":37}},"14":{"start":{"line":28,"column":22},"end":{"line":30,"column":4}},"15":{"start":{"line":31,"column":18},"end":{"line":47,"column":4}},"16":{"start":{"line":32,"column":15},"end":{"line":32,"column":34}},"17":{"start":{"line":33,"column":4},"end":{"line":33,"column":64}},"18":{"start":{"line":33,"column":26},"end":{"line":33,"column":62}},"19":{"start":{"line":34,"column":4},"end":{"line":34,"column":52}},"20":{"start":{"line":34,"column":30},"end":{"line":34,"column":50}},"21":{"start":{"line":35,"column":16},"end":{"line":35,"column":34}},"22":{"start":{"line":36,"column":4},"end":{"line":46,"column":7}},"23":{"start":{"line":37,"column":18},"end":{"line":37,"column":27}},"24":{"start":{"line":38,"column":6},"end":{"line":38,"column":33}},"25":{"start":{"line":39,"column":6},"end":{"line":39,"column":33}},"26":{"start":{"line":40,"column":6},"end":{"line":40,"column":57}},"27":{"start":{"line":41,"column":6},"end":{"line":41,"column":34}},"28":{"start":{"line":42,"column":6},"end":{"line":42,"column":42}},"29":{"start":{"line":43,"column":6},"end":{"line":43,"column":34}},"30":{"start":{"line":44,"column":6},"end":{"line":44,"column":68}},"31":{"start":{"line":45,"column":6},"end":{"line":45,"column":19}},"32":{"start":{"line":48,"column":2},"end":{"line":48,"column":17}},"33":{"start":{"line":51,"column":0},"end":{"line":51,"column":23}}},"fnMap":{"0":{"name":"(anonymous_1)","decl":{"start":{"line":13,"column":16},"end":{"line":13,"column":37}},"loc":{"start":{"line":13,"column":39},"end":{"line":49,"column":1}}},"1":{"name":"(anonymous_2)","decl":{"start":{"line":31,"column":39},"end":{"line":31,"column":40}},"loc":{"start":{"line":31,"column":51},"end":{"line":47,"column":3}}},"2":{"name":"(anonymous_3)","decl":{"start":{"line":33,"column":20},"end":{"line":33,"column":23}},"loc":{"start":{"line":33,"column":26},"end":{"line":33,"column":62}}},"3":{"name":"(anonymous_4)","decl":{"start":{"line":34,"column":19},"end":{"line":34,"column":20}},"loc":{"start":{"line":34,"column":30},"end":{"line":34,"column":50}}},"4":{"name":"(anonymous_5)","decl":{"start":{"line":36,"column":32},"end":{"line":36,"column":35}},"loc":{"start":{"line":36,"column":37},"end":{"line":46,"column":5}}}},"branchMap":{},"s":{"0":3,"1":3,"2":3,"3":3,"4":3,"5":3,"6":3,"7":3,"8":3,"9":3,"10":3,"11":3,"12":3,"13":3,"14":3,"15":3,"16":3,"17":3,"18":3,"19":3,"20":0,"21":3,"22":3,"23":3,"24":3,"25":3,"26":3,"27":3,"28":3,"29":3,"30":3,"31":3,"32":3,"33":3},"f":{"0":3,"1":3,"2":3,"3":0,"4":3},"b":{}}
,"/Users/galkrigel/Documents/projects/Gals-final-web-project/server/webserver/src/common/auth_middleware.ts": {"path":"/Users/galkrigel/Documents/projects/Gals-final-web-project/server/webserver/src/common/auth_middleware.ts","statementMap":{"0":{"start":{"line":2,"column":0},"end":{"line":2,"column":31}},"1":{"start":{"line":7,"column":23},"end":{"line":18,"column":1}},"2":{"start":{"line":8,"column":23},"end":{"line":8,"column":51}},"3":{"start":{"line":9,"column":18},"end":{"line":9,"column":56}},"4":{"start":{"line":10,"column":4},"end":{"line":10,"column":44}},"5":{"start":{"line":11,"column":4},"end":{"line":11,"column":50}},"6":{"start":{"line":11,"column":23},"end":{"line":11,"column":50}},"7":{"start":{"line":12,"column":4},"end":{"line":17,"column":7}},"8":{"start":{"line":13,"column":8},"end":{"line":13,"column":44}},"9":{"start":{"line":14,"column":8},"end":{"line":14,"column":44}},"10":{"start":{"line":14,"column":17},"end":{"line":14,"column":44}},"11":{"start":{"line":15,"column":8},"end":{"line":15,"column":43}},"12":{"start":{"line":16,"column":8},"end":{"line":16,"column":15}},"13":{"start":{"line":20,"column":0},"end":{"line":20,"column":30}}},"fnMap":{"0":{"name":"(anonymous_1)","decl":{"start":{"line":7,"column":23},"end":{"line":7,"column":24}},"loc":{"start":{"line":7,"column":80},"end":{"line":18,"column":1}}},"1":{"name":"(anonymous_2)","decl":{"start":{"line":12,"column":46},"end":{"line":12,"column":47}},"loc":{"start":{"line":12,"column":60},"end":{"line":17,"column":5}}}},"branchMap":{"0":{"loc":{"start":{"line":9,"column":18},"end":{"line":9,"column":56}},"type":"binary-expr","locations":[{"start":{"line":9,"column":18},"end":{"line":9,"column":28}},{"start":{"line":9,"column":32},"end":{"line":9,"column":56}}]},"1":{"loc":{"start":{"line":11,"column":4},"end":{"line":11,"column":50}},"type":"if","locations":[{"start":{"line":11,"column":4},"end":{"line":11,"column":50}}]},"2":{"loc":{"start":{"line":14,"column":8},"end":{"line":14,"column":44}},"type":"if","locations":[{"start":{"line":14,"column":8},"end":{"line":14,"column":44}}]}},"s":{"0":3,"1":3,"2":17,"3":17,"4":17,"5":17,"6":1,"7":16,"8":16,"9":16,"10":2,"11":14,"12":14,"13":3},"f":{"0":17,"1":16},"b":{"0":[17,16],"1":[1],"2":[2]}}
,"/Users/galkrigel/Documents/projects/Gals-final-web-project/server/webserver/src/controllers/auth_controller.ts": {"path":"/Users/galkrigel/Documents/projects/Gals-final-web-project/server/webserver/src/controllers/auth_controller.ts","statementMap":{"0":{"start":{"line":2,"column":0},"end":{"line":2,"column":40}},"1":{"start":{"line":3,"column":0},"end":{"line":3,"column":28}},"2":{"start":{"line":4,"column":0},"end":{"line":4,"column":31}},"3":{"start":{"line":6,"column":17},"end":{"line":24,"column":null}},"4":{"start":{"line":6,"column":55},"end":{"line":24,"column":null}},"5":{"start":{"line":7,"column":18},"end":{"line":7,"column":32}},"6":{"start":{"line":8,"column":21},"end":{"line":8,"column":38}},"7":{"start":{"line":9,"column":4},"end":{"line":11,"column":5}},"8":{"start":{"line":10,"column":8},"end":{"line":10,"column":65}},"9":{"start":{"line":12,"column":4},"end":{"line":23,"column":5}},"10":{"start":{"line":13,"column":19},"end":{"line":13,"column":57}},"11":{"start":{"line":14,"column":8},"end":{"line":16,"column":9}},"12":{"start":{"line":15,"column":12},"end":{"line":15,"column":64}},"13":{"start":{"line":17,"column":21},"end":{"line":17,"column":45}},"14":{"start":{"line":18,"column":34},"end":{"line":18,"column":67}},"15":{"start":{"line":19,"column":20},"end":{"line":19,"column":88}},"16":{"start":{"line":20,"column":8},"end":{"line":20,"column":41}},"17":{"start":{"line":22,"column":8},"end":{"line":22,"column":71}},"18":{"start":{"line":26,"column":14},"end":{"line":59,"column":null}},"19":{"start":{"line":26,"column":52},"end":{"line":59,"column":null}},"20":{"start":{"line":27,"column":18},"end":{"line":27,"column":32}},"21":{"start":{"line":28,"column":21},"end":{"line":28,"column":38}},"22":{"start":{"line":29,"column":4},"end":{"line":31,"column":5}},"23":{"start":{"line":30,"column":8},"end":{"line":30,"column":65}},"24":{"start":{"line":32,"column":4},"end":{"line":58,"column":5}},"25":{"start":{"line":33,"column":21},"end":{"line":33,"column":59}},"26":{"start":{"line":34,"column":8},"end":{"line":36,"column":9}},"27":{"start":{"line":35,"column":12},"end":{"line":35,"column":71}},"28":{"start":{"line":37,"column":22},"end":{"line":37,"column":67}},"29":{"start":{"line":38,"column":8},"end":{"line":40,"column":9}},"30":{"start":{"line":39,"column":12},"end":{"line":39,"column":71}},"31":{"start":{"line":42,"column":28},"end":{"line":42,"column":122}},"32":{"start":{"line":43,"column":29},"end":{"line":43,"column":88}},"33":{"start":{"line":44,"column":8},"end":{"line":48,"column":9}},"34":{"start":{"line":45,"column":12},"end":{"line":45,"column":48}},"35":{"start":{"line":47,"column":12},"end":{"line":47,"column":50}},"36":{"start":{"line":49,"column":8},"end":{"line":49,"column":26}},"37":{"start":{"line":50,"column":8},"end":{"line":50,"column":57}},"38":{"start":{"line":51,"column":8},"end":{"line":55,"column":11}},"39":{"start":{"line":57,"column":8},"end":{"line":57,"column":71}},"40":{"start":{"line":61,"column":15},"end":{"line":86,"column":null}},"41":{"start":{"line":61,"column":53},"end":{"line":86,"column":null}},"42":{"start":{"line":62,"column":23},"end":{"line":62,"column":51}},"43":{"start":{"line":63,"column":25},"end":{"line":63,"column":63}},"44":{"start":{"line":64,"column":4},"end":{"line":64,"column":57}},"45":{"start":{"line":64,"column":30},"end":{"line":64,"column":57}},"46":{"start":{"line":65,"column":4},"end":{"line":85,"column":7}},"47":{"start":{"line":65,"column":100},"end":{"line":85,"column":6}},"48":{"start":{"line":66,"column":8},"end":{"line":68,"column":9}},"49":{"start":{"line":67,"column":12},"end":{"line":67,"column":39}},"50":{"start":{"line":70,"column":8},"end":{"line":84,"column":9}},"51":{"start":{"line":71,"column":27},"end":{"line":71,"column":66}},"52":{"start":{"line":72,"column":12},"end":{"line":80,"column":13}},"53":{"start":{"line":73,"column":16},"end":{"line":73,"column":42}},"54":{"start":{"line":74,"column":16},"end":{"line":74,"column":36}},"55":{"start":{"line":75,"column":16},"end":{"line":75,"column":43}},"56":{"start":{"line":77,"column":16},"end":{"line":77,"column":92}},"57":{"start":{"line":77,"column":72},"end":{"line":77,"column":90}},"58":{"start":{"line":78,"column":16},"end":{"line":78,"column":36}},"59":{"start":{"line":79,"column":16},"end":{"line":79,"column":43}},"60":{"start":{"line":82,"column":12},"end":{"line":82,"column":48}},"61":{"start":{"line":83,"column":12},"end":{"line":83,"column":50}},"62":{"start":{"line":88,"column":16},"end":{"line":117,"column":null}},"63":{"start":{"line":88,"column":54},"end":{"line":117,"column":null}},"64":{"start":{"line":89,"column":23},"end":{"line":89,"column":51}},"65":{"start":{"line":90,"column":25},"end":{"line":90,"column":63}},"66":{"start":{"line":91,"column":4},"end":{"line":91,"column":57}},"67":{"start":{"line":91,"column":30},"end":{"line":91,"column":57}},"68":{"start":{"line":92,"column":4},"end":{"line":116,"column":7}},"69":{"start":{"line":92,"column":100},"end":{"line":116,"column":6}},"70":{"start":{"line":93,"column":8},"end":{"line":96,"column":9}},"71":{"start":{"line":94,"column":12},"end":{"line":94,"column":29}},"72":{"start":{"line":95,"column":12},"end":{"line":95,"column":39}},"73":{"start":{"line":97,"column":8},"end":{"line":115,"column":9}},"74":{"start":{"line":98,"column":27},"end":{"line":98,"column":66}},"75":{"start":{"line":99,"column":12},"end":{"line":103,"column":13}},"76":{"start":{"line":100,"column":16},"end":{"line":100,"column":42}},"77":{"start":{"line":101,"column":16},"end":{"line":101,"column":36}},"78":{"start":{"line":102,"column":16},"end":{"line":102,"column":43}},"79":{"start":{"line":104,"column":32},"end":{"line":104,"column":126}},"80":{"start":{"line":105,"column":36},"end":{"line":105,"column":95}},"81":{"start":{"line":106,"column":12},"end":{"line":106,"column":88}},"82":{"start":{"line":106,"column":68},"end":{"line":106,"column":86}},"83":{"start":{"line":107,"column":12},"end":{"line":107,"column":55}},"84":{"start":{"line":108,"column":12},"end":{"line":108,"column":32}},"85":{"start":{"line":109,"column":12},"end":{"line":112,"column":15}},"86":{"start":{"line":114,"column":12},"end":{"line":114,"column":50}},"87":{"start":{"line":119,"column":0},"end":{"line":124,"column":null}}},"fnMap":{"0":{"name":"(anonymous_8)","decl":{"start":{"line":6,"column":17},"end":{"line":6,"column":24}},"loc":{"start":{"line":6,"column":55},"end":{"line":24,"column":null}}},"1":{"name":"(anonymous_9)","decl":{"start":{"line":6,"column":55},"end":{"line":6,"column":null}},"loc":{"start":{"line":6,"column":55},"end":{"line":24,"column":1}}},"2":{"name":"(anonymous_10)","decl":{"start":{"line":26,"column":14},"end":{"line":26,"column":21}},"loc":{"start":{"line":26,"column":52},"end":{"line":59,"column":null}}},"3":{"name":"(anonymous_11)","decl":{"start":{"line":26,"column":52},"end":{"line":26,"column":null}},"loc":{"start":{"line":26,"column":52},"end":{"line":59,"column":1}}},"4":{"name":"(anonymous_12)","decl":{"start":{"line":61,"column":15},"end":{"line":61,"column":22}},"loc":{"start":{"line":61,"column":53},"end":{"line":86,"column":null}}},"5":{"name":"(anonymous_13)","decl":{"start":{"line":61,"column":53},"end":{"line":61,"column":null}},"loc":{"start":{"line":61,"column":53},"end":{"line":86,"column":1}}},"6":{"name":"(anonymous_14)","decl":{"start":{"line":65,"column":61},"end":{"line":65,"column":68}},"loc":{"start":{"line":65,"column":100},"end":{"line":85,"column":6}}},"7":{"name":"(anonymous_15)","decl":{"start":{"line":65,"column":100},"end":{"line":65,"column":null}},"loc":{"start":{"line":65,"column":100},"end":{"line":85,"column":5}}},"8":{"name":"(anonymous_16)","decl":{"start":{"line":77,"column":67},"end":{"line":77,"column":68}},"loc":{"start":{"line":77,"column":72},"end":{"line":77,"column":90}}},"9":{"name":"(anonymous_17)","decl":{"start":{"line":88,"column":16},"end":{"line":88,"column":23}},"loc":{"start":{"line":88,"column":54},"end":{"line":117,"column":null}}},"10":{"name":"(anonymous_18)","decl":{"start":{"line":88,"column":54},"end":{"line":88,"column":null}},"loc":{"start":{"line":88,"column":54},"end":{"line":117,"column":1}}},"11":{"name":"(anonymous_19)","decl":{"start":{"line":92,"column":61},"end":{"line":92,"column":68}},"loc":{"start":{"line":92,"column":100},"end":{"line":116,"column":6}}},"12":{"name":"(anonymous_20)","decl":{"start":{"line":92,"column":100},"end":{"line":92,"column":null}},"loc":{"start":{"line":92,"column":100},"end":{"line":116,"column":5}}},"13":{"name":"(anonymous_21)","decl":{"start":{"line":106,"column":63},"end":{"line":106,"column":64}},"loc":{"start":{"line":106,"column":68},"end":{"line":106,"column":86}}}},"branchMap":{"0":{"loc":{"start":{"line":9,"column":4},"end":{"line":11,"column":5}},"type":"if","locations":[{"start":{"line":9,"column":4},"end":{"line":11,"column":5}}]},"1":{"loc":{"start":{"line":9,"column":8},"end":{"line":9,"column":27}},"type":"binary-expr","locations":[{"start":{"line":9,"column":8},"end":{"line":9,"column":14}},{"start":{"line":9,"column":18},"end":{"line":9,"column":27}}]},"2":{"loc":{"start":{"line":14,"column":8},"end":{"line":16,"column":9}},"type":"if","locations":[{"start":{"line":14,"column":8},"end":{"line":16,"column":9}}]},"3":{"loc":{"start":{"line":29,"column":4},"end":{"line":31,"column":5}},"type":"if","locations":[{"start":{"line":29,"column":4},"end":{"line":31,"column":5}}]},"4":{"loc":{"start":{"line":29,"column":8},"end":{"line":29,"column":27}},"type":"binary-expr","locations":[{"start":{"line":29,"column":8},"end":{"line":29,"column":14}},{"start":{"line":29,"column":18},"end":{"line":29,"column":27}}]},"5":{"loc":{"start":{"line":34,"column":8},"end":{"line":36,"column":9}},"type":"if","locations":[{"start":{"line":34,"column":8},"end":{"line":36,"column":9}}]},"6":{"loc":{"start":{"line":38,"column":8},"end":{"line":40,"column":9}},"type":"if","locations":[{"start":{"line":38,"column":8},"end":{"line":40,"column":9}}]},"7":{"loc":{"start":{"line":44,"column":8},"end":{"line":48,"column":9}},"type":"if","locations":[{"start":{"line":44,"column":8},"end":{"line":48,"column":9}},{"start":{"line":46,"column":15},"end":{"line":48,"column":9}}]},"8":{"loc":{"start":{"line":63,"column":25},"end":{"line":63,"column":63}},"type":"binary-expr","locations":[{"start":{"line":63,"column":25},"end":{"line":63,"column":35}},{"start":{"line":63,"column":39},"end":{"line":63,"column":63}}]},"9":{"loc":{"start":{"line":64,"column":4},"end":{"line":64,"column":57}},"type":"if","locations":[{"start":{"line":64,"column":4},"end":{"line":64,"column":57}}]},"10":{"loc":{"start":{"line":66,"column":8},"end":{"line":68,"column":9}},"type":"if","locations":[{"start":{"line":66,"column":8},"end":{"line":68,"column":9}}]},"11":{"loc":{"start":{"line":72,"column":12},"end":{"line":80,"column":13}},"type":"if","locations":[{"start":{"line":72,"column":12},"end":{"line":80,"column":13}},{"start":{"line":76,"column":19},"end":{"line":80,"column":13}}]},"12":{"loc":{"start":{"line":72,"column":16},"end":{"line":72,"column":85}},"type":"binary-expr","locations":[{"start":{"line":72,"column":16},"end":{"line":72,"column":37}},{"start":{"line":72,"column":41},"end":{"line":72,"column":85}}]},"13":{"loc":{"start":{"line":90,"column":25},"end":{"line":90,"column":63}},"type":"binary-expr","locations":[{"start":{"line":90,"column":25},"end":{"line":90,"column":35}},{"start":{"line":90,"column":39},"end":{"line":90,"column":63}}]},"14":{"loc":{"start":{"line":91,"column":4},"end":{"line":91,"column":57}},"type":"if","locations":[{"start":{"line":91,"column":4},"end":{"line":91,"column":57}}]},"15":{"loc":{"start":{"line":93,"column":8},"end":{"line":96,"column":9}},"type":"if","locations":[{"start":{"line":93,"column":8},"end":{"line":96,"column":9}}]},"16":{"loc":{"start":{"line":99,"column":12},"end":{"line":103,"column":13}},"type":"if","locations":[{"start":{"line":99,"column":12},"end":{"line":103,"column":13}}]},"17":{"loc":{"start":{"line":99,"column":16},"end":{"line":99,"column":85}},"type":"binary-expr","locations":[{"start":{"line":99,"column":16},"end":{"line":99,"column":37}},{"start":{"line":99,"column":41},"end":{"line":99,"column":85}}]}},"s":{"0":3,"1":3,"2":3,"3":3,"4":7,"5":7,"6":7,"7":7,"8":2,"9":5,"10":5,"11":5,"12":1,"13":4,"14":4,"15":4,"16":4,"17":0,"18":3,"19":9,"20":9,"21":9,"22":9,"23":3,"24":6,"25":6,"26":6,"27":1,"28":5,"29":5,"30":1,"31":4,"32":4,"33":4,"34":0,"35":4,"36":4,"37":4,"38":4,"39":0,"40":3,"41":3,"42":3,"43":3,"44":3,"45":1,"46":2,"47":2,"48":2,"49":1,"50":1,"51":1,"52":1,"53":0,"54":0,"55":0,"56":1,"57":1,"58":1,"59":1,"60":0,"61":0,"62":3,"63":5,"64":5,"65":5,"66":5,"67":1,"68":4,"69":4,"70":4,"71":1,"72":1,"73":3,"74":3,"75":3,"76":2,"77":2,"78":2,"79":1,"80":1,"81":1,"82":1,"83":1,"84":1,"85":1,"86":0,"87":3},"f":{"0":7,"1":7,"2":9,"3":9,"4":3,"5":3,"6":2,"7":2,"8":1,"9":5,"10":5,"11":4,"12":4,"13":1},"b":{"0":[2],"1":[7,6],"2":[1],"3":[3],"4":[9,7],"5":[1],"6":[1],"7":[0,4],"8":[3,2],"9":[1],"10":[1],"11":[0,1],"12":[1,1],"13":[5,4],"14":[1],"15":[1],"16":[2],"17":[3,3]}}
,"/Users/galkrigel/Documents/projects/Gals-final-web-project/server/webserver/src/controllers/base_controller.ts": {"path":"/Users/galkrigel/Documents/projects/Gals-final-web-project/server/webserver/src/controllers/base_controller.ts","statementMap":{"0":{"start":{"line":8,"column":8},"end":{"line":8,"column":27}},"1":{"start":{"line":12,"column":8},"end":{"line":12,"column":37}},"2":{"start":{"line":13,"column":8},"end":{"line":23,"column":9}},"3":{"start":{"line":14,"column":12},"end":{"line":20,"column":13}},"4":{"start":{"line":15,"column":32},"end":{"line":15,"column":81}},"5":{"start":{"line":16,"column":16},"end":{"line":16,"column":46}},"6":{"start":{"line":18,"column":32},"end":{"line":18,"column":55}},"7":{"start":{"line":19,"column":16},"end":{"line":19,"column":46}},"8":{"start":{"line":22,"column":12},"end":{"line":22,"column":59}},"9":{"start":{"line":27,"column":8},"end":{"line":27,"column":57}},"10":{"start":{"line":28,"column":8},"end":{"line":36,"column":9}},"11":{"start":{"line":29,"column":27},"end":{"line":29,"column":67}},"12":{"start":{"line":30,"column":12},"end":{"line":30,"column":48}},"13":{"start":{"line":31,"column":12},"end":{"line":31,"column":null}},"14":{"start":{"line":33,"column":12},"end":{"line":33,"column":29}},"15":{"start":{"line":35,"column":12},"end":{"line":35,"column":59}},"16":{"start":{"line":40,"column":8},"end":{"line":40,"column":47}},"17":{"start":{"line":41,"column":8},"end":{"line":47,"column":9}},"18":{"start":{"line":42,"column":24},"end":{"line":42,"column":57}},"19":{"start":{"line":43,"column":12},"end":{"line":43,"column":38}},"20":{"start":{"line":45,"column":12},"end":{"line":45,"column":51}},"21":{"start":{"line":46,"column":12},"end":{"line":46,"column":62}},"22":{"start":{"line":51,"column":8},"end":{"line":51,"column":57}},"23":{"start":{"line":52,"column":8},"end":{"line":58,"column":9}},"24":{"start":{"line":53,"column":24},"end":{"line":53,"column":98}},"25":{"start":{"line":54,"column":12},"end":{"line":54,"column":38}},"26":{"start":{"line":56,"column":12},"end":{"line":56,"column":50}},"27":{"start":{"line":57,"column":12},"end":{"line":57,"column":62}},"28":{"start":{"line":63,"column":8},"end":{"line":63,"column":59}},"29":{"start":{"line":64,"column":8},"end":{"line":74,"column":9}},"30":{"start":{"line":65,"column":24},"end":{"line":65,"column":73}},"31":{"start":{"line":66,"column":12},"end":{"line":69,"column":42}},"32":{"start":{"line":67,"column":16},"end":{"line":67,"column":42}},"33":{"start":{"line":69,"column":16},"end":{"line":69,"column":42}},"34":{"start":{"line":72,"column":12},"end":{"line":72,"column":53}},"35":{"start":{"line":73,"column":12},"end":{"line":73,"column":62}},"36":{"start":{"line":4,"column":0},"end":{"line":4,"column":13}},"37":{"start":{"line":78,"column":25},"end":{"line":80,"column":1}},"38":{"start":{"line":79,"column":4},"end":{"line":79,"column":48}},"39":{"start":{"line":82,"column":0},"end":{"line":82,"column":32}}},"fnMap":{"0":{"name":"(anonymous_7)","decl":{"start":{"line":7,"column":4},"end":{"line":7,"column":16}},"loc":{"start":{"line":7,"column":39},"end":{"line":9,"column":5}}},"1":{"name":"(anonymous_8)","decl":{"start":{"line":11,"column":10},"end":{"line":11,"column":13}},"loc":{"start":{"line":11,"column":41},"end":{"line":24,"column":null}}},"2":{"name":"(anonymous_10)","decl":{"start":{"line":26,"column":10},"end":{"line":26,"column":17}},"loc":{"start":{"line":26,"column":45},"end":{"line":37,"column":null}}},"3":{"name":"(anonymous_12)","decl":{"start":{"line":39,"column":10},"end":{"line":39,"column":14}},"loc":{"start":{"line":39,"column":42},"end":{"line":48,"column":null}}},"4":{"name":"(anonymous_14)","decl":{"start":{"line":50,"column":10},"end":{"line":50,"column":17}},"loc":{"start":{"line":50,"column":45},"end":{"line":60,"column":null}}},"5":{"name":"(anonymous_16)","decl":{"start":{"line":62,"column":10},"end":{"line":62,"column":20}},"loc":{"start":{"line":62,"column":48},"end":{"line":75,"column":null}}},"6":{"name":"(anonymous_18)","decl":{"start":{"line":78,"column":25},"end":{"line":78,"column":37}},"loc":{"start":{"line":78,"column":64},"end":{"line":80,"column":1}}}},"branchMap":{"0":{"loc":{"start":{"line":14,"column":12},"end":{"line":20,"column":13}},"type":"if","locations":[{"start":{"line":14,"column":12},"end":{"line":20,"column":13}},{"start":{"line":17,"column":19},"end":{"line":20,"column":13}}]},"1":{"loc":{"start":{"line":66,"column":12},"end":{"line":69,"column":42}},"type":"if","locations":[{"start":{"line":66,"column":12},"end":{"line":69,"column":42}},{"start":{"line":69,"column":16},"end":{"line":69,"column":42}}]}},"s":{"0":6,"1":7,"2":7,"3":7,"4":1,"5":1,"6":6,"7":6,"8":0,"9":4,"10":4,"11":4,"12":2,"13":2,"14":2,"15":2,"16":3,"17":3,"18":3,"19":2,"20":1,"21":1,"22":2,"23":2,"24":2,"25":2,"26":0,"27":0,"28":2,"29":2,"30":2,"31":2,"32":1,"33":1,"34":0,"35":0,"36":3,"37":3,"38":3,"39":3},"f":{"0":6,"1":7,"2":4,"3":3,"4":2,"5":2,"6":3},"b":{"0":[1,6],"1":[1,1]}}
,"/Users/galkrigel/Documents/projects/Gals-final-web-project/server/webserver/src/controllers/property_controller.ts": {"path":"/Users/galkrigel/Documents/projects/Gals-final-web-project/server/webserver/src/controllers/property_controller.ts","statementMap":{"0":{"start":{"line":1,"column":0},"end":{"line":1,"column":51}},"1":{"start":{"line":4,"column":0},"end":{"line":4,"column":63}},"2":{"start":{"line":8,"column":8},"end":{"line":8,"column":null}},"3":{"start":{"line":12,"column":8},"end":{"line":12,"column":49}},"4":{"start":{"line":13,"column":20},"end":{"line":13,"column":32}},"5":{"start":{"line":14,"column":8},"end":{"line":14,"column":31}},"6":{"start":{"line":15,"column":8},"end":{"line":15,"column":29}},"7":{"start":{"line":19,"column":0},"end":{"line":19,"column":40}}},"fnMap":{"0":{"name":"(anonymous_8)","decl":{"start":{"line":7,"column":4},"end":{"line":7,"column":null}},"loc":{"start":{"line":7,"column":4},"end":{"line":9,"column":5}}},"1":{"name":"(anonymous_9)","decl":{"start":{"line":11,"column":10},"end":{"line":11,"column":14}},"loc":{"start":{"line":11,"column":47},"end":{"line":16,"column":null}}}},"branchMap":{},"s":{"0":3,"1":3,"2":3,"3":1,"4":1,"5":1,"6":1,"7":3},"f":{"0":3,"1":1},"b":{}}
,"/Users/galkrigel/Documents/projects/Gals-final-web-project/server/webserver/src/controllers/user_controller.ts": {"path":"/Users/galkrigel/Documents/projects/Gals-final-web-project/server/webserver/src/controllers/user_controller.ts","statementMap":{"0":{"start":{"line":1,"column":0},"end":{"line":1,"column":56}},"1":{"start":{"line":2,"column":0},"end":{"line":2,"column":49}},"2":{"start":{"line":4,"column":23},"end":{"line":4,"column":57}},"3":{"start":{"line":6,"column":0},"end":{"line":6,"column":null}}},"fnMap":{},"branchMap":{},"s":{"0":3,"1":3,"2":3,"3":3},"f":{},"b":{}}
,"/Users/galkrigel/Documents/projects/Gals-final-web-project/server/webserver/src/models/property_model.ts": {"path":"/Users/galkrigel/Documents/projects/Gals-final-web-project/server/webserver/src/models/property_model.ts","statementMap":{"0":{"start":{"line":1,"column":0},"end":{"line":1,"column":32}},"1":{"start":{"line":20,"column":23},"end":{"line":60,"column":2}},"2":{"start":{"line":62,"column":0},"end":{"line":62,"column":71}}},"fnMap":{},"branchMap":{},"s":{"0":3,"1":3,"2":3},"f":{},"b":{}}
,"/Users/galkrigel/Documents/projects/Gals-final-web-project/server/webserver/src/models/user_model.ts": {"path":"/Users/galkrigel/Documents/projects/Gals-final-web-project/server/webserver/src/models/user_model.ts","statementMap":{"0":{"start":{"line":1,"column":0},"end":{"line":1,"column":32}},"1":{"start":{"line":12,"column":19},"end":{"line":33,"column":2}},"2":{"start":{"line":35,"column":0},"end":{"line":35,"column":57}}},"fnMap":{},"branchMap":{},"s":{"0":3,"1":3,"2":3},"f":{},"b":{}}
,"/Users/galkrigel/Documents/projects/Gals-final-web-project/server/webserver/src/routes/auth_route.ts": {"path":"/Users/galkrigel/Documents/projects/Gals-final-web-project/server/webserver/src/routes/auth_route.ts","statementMap":{"0":{"start":{"line":1,"column":0},"end":{"line":1,"column":30}},"1":{"start":{"line":2,"column":15},"end":{"line":2,"column":31}},"2":{"start":{"line":3,"column":0},"end":{"line":3,"column":60}},"3":{"start":{"line":13,"column":0},"end":{"line":13,"column":50}},"4":{"start":{"line":14,"column":0},"end":{"line":14,"column":44}},"5":{"start":{"line":15,"column":0},"end":{"line":15,"column":45}},"6":{"start":{"line":16,"column":0},"end":{"line":16,"column":47}},"7":{"start":{"line":18,"column":0},"end":{"line":18,"column":22}}},"fnMap":{},"branchMap":{},"s":{"0":3,"1":3,"2":3,"3":3,"4":3,"5":3,"6":3,"7":3},"f":{},"b":{}}
,"/Users/galkrigel/Documents/projects/Gals-final-web-project/server/webserver/src/routes/property_route.ts": {"path":"/Users/galkrigel/Documents/projects/Gals-final-web-project/server/webserver/src/routes/property_route.ts","statementMap":{"0":{"start":{"line":1,"column":0},"end":{"line":1,"column":30}},"1":{"start":{"line":2,"column":15},"end":{"line":2,"column":31}},"2":{"start":{"line":3,"column":0},"end":{"line":3,"column":68}},"3":{"start":{"line":4,"column":0},"end":{"line":4,"column":55}},"4":{"start":{"line":6,"column":0},"end":{"line":6,"column":65}},"5":{"start":{"line":8,"column":0},"end":{"line":8,"column":72}},"6":{"start":{"line":10,"column":0},"end":{"line":10,"column":83}},"7":{"start":{"line":12,"column":0},"end":{"line":12,"column":88}},"8":{"start":{"line":14,"column":0},"end":{"line":14,"column":94}},"9":{"start":{"line":16,"column":0},"end":{"line":16,"column":22}}},"fnMap":{},"branchMap":{},"s":{"0":3,"1":3,"2":3,"3":3,"4":3,"5":3,"6":3,"7":3,"8":3,"9":3},"f":{},"b":{}}
,"/Users/galkrigel/Documents/projects/Gals-final-web-project/server/webserver/src/routes/user_route.ts": {"path":"/Users/galkrigel/Documents/projects/Gals-final-web-project/server/webserver/src/routes/user_route.ts","statementMap":{"0":{"start":{"line":1,"column":0},"end":{"line":1,"column":30}},"1":{"start":{"line":2,"column":15},"end":{"line":2,"column":31}},"2":{"start":{"line":3,"column":0},"end":{"line":3,"column":60}},"3":{"start":{"line":4,"column":0},"end":{"line":4,"column":55}},"4":{"start":{"line":6,"column":0},"end":{"line":6,"column":73}},"5":{"start":{"line":8,"column":0},"end":{"line":8,"column":80}},"6":{"start":{"line":10,"column":0},"end":{"line":10,"column":75}},"7":{"start":{"line":12,"column":0},"end":{"line":12,"column":80}},"8":{"start":{"line":14,"column":0},"end":{"line":14,"column":86}},"9":{"start":{"line":16,"column":0},"end":{"line":16,"column":22}}},"fnMap":{},"branchMap":{},"s":{"0":3,"1":3,"2":3,"3":3,"4":3,"5":3,"6":3,"7":3,"8":3,"9":3},"f":{},"b":{}}
}
