{"/Users/galkrigel/Documents/projects/Gals-final-web-project/server/webserver/src/app.ts": {"path":"/Users/galkrigel/Documents/projects/Gals-final-web-project/server/webserver/src/app.ts","statementMap":{"0":{"start":{"line":1,"column":0},"end":{"line":1,"column":25}},"1":{"start":{"line":2,"column":0},"end":{"line":2,"column":13}},"2":{"start":{"line":3,"column":0},"end":{"line":3,"column":43}},"3":{"start":{"line":4,"column":0},"end":{"line":4,"column":24}},"4":{"start":{"line":5,"column":0},"end":{"line":5,"column":32}},"5":{"start":{"line":6,"column":0},"end":{"line":6,"column":37}},"6":{"start":{"line":7,"column":0},"end":{"line":7,"column":44}},"7":{"start":{"line":8,"column":0},"end":{"line":8,"column":44}},"8":{"start":{"line":9,"column":0},"end":{"line":9,"column":52}},"9":{"start":{"line":10,"column":0},"end":{"line":10,"column":44}},"10":{"start":{"line":11,"column":0},"end":{"line":11,"column":43}},"11":{"start":{"line":12,"column":0},"end":{"line":12,"column":41}},"12":{"start":{"line":14,"column":16},"end":{"line":55,"column":1}},"13":{"start":{"line":15,"column":18},"end":{"line":26,"column":4}},"14":{"start":{"line":27,"column":16},"end":{"line":27,"column":37}},"15":{"start":{"line":29,"column":22},"end":{"line":32,"column":4}},"16":{"start":{"line":33,"column":18},"end":{"line":53,"column":4}},"17":{"start":{"line":34,"column":15},"end":{"line":34,"column":34}},"18":{"start":{"line":35,"column":4},"end":{"line":35,"column":64}},"19":{"start":{"line":35,"column":26},"end":{"line":35,"column":62}},"20":{"start":{"line":36,"column":4},"end":{"line":36,"column":52}},"21":{"start":{"line":36,"column":30},"end":{"line":36,"column":50}},"22":{"start":{"line":37,"column":16},"end":{"line":37,"column":34}},"23":{"start":{"line":38,"column":4},"end":{"line":52,"column":7}},"24":{"start":{"line":39,"column":18},"end":{"line":39,"column":27}},"25":{"start":{"line":40,"column":6},"end":{"line":40,"column":33}},"26":{"start":{"line":43,"column":6},"end":{"line":43,"column":null}},"27":{"start":{"line":44,"column":6},"end":{"line":44,"column":null}},"28":{"start":{"line":45,"column":6},"end":{"line":45,"column":34}},"29":{"start":{"line":46,"column":6},"end":{"line":46,"column":34}},"30":{"start":{"line":47,"column":6},"end":{"line":47,"column":42}},"31":{"start":{"line":48,"column":6},"end":{"line":48,"column":34}},"32":{"start":{"line":49,"column":6},"end":{"line":49,"column":68}},"33":{"start":{"line":50,"column":6},"end":{"line":50,"column":51}},"34":{"start":{"line":51,"column":6},"end":{"line":51,"column":19}},"35":{"start":{"line":54,"column":2},"end":{"line":54,"column":17}},"36":{"start":{"line":57,"column":0},"end":{"line":57,"column":23}}},"fnMap":{"0":{"name":"(anonymous_1)","decl":{"start":{"line":14,"column":16},"end":{"line":14,"column":37}},"loc":{"start":{"line":14,"column":39},"end":{"line":55,"column":1}}},"1":{"name":"(anonymous_2)","decl":{"start":{"line":33,"column":39},"end":{"line":33,"column":40}},"loc":{"start":{"line":33,"column":51},"end":{"line":53,"column":3}}},"2":{"name":"(anonymous_3)","decl":{"start":{"line":35,"column":20},"end":{"line":35,"column":23}},"loc":{"start":{"line":35,"column":26},"end":{"line":35,"column":62}}},"3":{"name":"(anonymous_4)","decl":{"start":{"line":36,"column":19},"end":{"line":36,"column":20}},"loc":{"start":{"line":36,"column":30},"end":{"line":36,"column":50}}},"4":{"name":"(anonymous_5)","decl":{"start":{"line":38,"column":32},"end":{"line":38,"column":35}},"loc":{"start":{"line":38,"column":37},"end":{"line":52,"column":5}}}},"branchMap":{},"s":{"0":4,"1":4,"2":4,"3":4,"4":4,"5":4,"6":4,"7":4,"8":4,"9":4,"10":4,"11":4,"12":4,"13":4,"14":4,"15":4,"16":4,"17":4,"18":4,"19":4,"20":4,"21":0,"22":4,"23":4,"24":4,"25":4,"26":4,"27":4,"28":4,"29":4,"30":4,"31":4,"32":4,"33":4,"34":4,"35":4,"36":4},"f":{"0":4,"1":4,"2":4,"3":0,"4":4},"b":{}}
,"/Users/galkrigel/Documents/projects/Gals-final-web-project/server/webserver/src/common/auth_middleware.ts": {"path":"/Users/galkrigel/Documents/projects/Gals-final-web-project/server/webserver/src/common/auth_middleware.ts","statementMap":{"0":{"start":{"line":2,"column":0},"end":{"line":2,"column":31}},"1":{"start":{"line":7,"column":23},"end":{"line":18,"column":1}},"2":{"start":{"line":8,"column":23},"end":{"line":8,"column":51}},"3":{"start":{"line":9,"column":18},"end":{"line":9,"column":56}},"4":{"start":{"line":10,"column":4},"end":{"line":10,"column":44}},"5":{"start":{"line":11,"column":4},"end":{"line":11,"column":50}},"6":{"start":{"line":11,"column":23},"end":{"line":11,"column":50}},"7":{"start":{"line":12,"column":4},"end":{"line":17,"column":7}},"8":{"start":{"line":13,"column":8},"end":{"line":13,"column":44}},"9":{"start":{"line":14,"column":8},"end":{"line":14,"column":44}},"10":{"start":{"line":14,"column":17},"end":{"line":14,"column":44}},"11":{"start":{"line":15,"column":8},"end":{"line":15,"column":43}},"12":{"start":{"line":16,"column":8},"end":{"line":16,"column":15}},"13":{"start":{"line":20,"column":0},"end":{"line":20,"column":30}}},"fnMap":{"0":{"name":"(anonymous_1)","decl":{"start":{"line":7,"column":23},"end":{"line":7,"column":24}},"loc":{"start":{"line":7,"column":80},"end":{"line":18,"column":1}}},"1":{"name":"(anonymous_2)","decl":{"start":{"line":12,"column":46},"end":{"line":12,"column":47}},"loc":{"start":{"line":12,"column":60},"end":{"line":17,"column":5}}}},"branchMap":{"0":{"loc":{"start":{"line":9,"column":18},"end":{"line":9,"column":56}},"type":"binary-expr","locations":[{"start":{"line":9,"column":18},"end":{"line":9,"column":28}},{"start":{"line":9,"column":32},"end":{"line":9,"column":56}}]},"1":{"loc":{"start":{"line":11,"column":4},"end":{"line":11,"column":50}},"type":"if","locations":[{"start":{"line":11,"column":4},"end":{"line":11,"column":50}}]},"2":{"loc":{"start":{"line":14,"column":8},"end":{"line":14,"column":44}},"type":"if","locations":[{"start":{"line":14,"column":8},"end":{"line":14,"column":44}}]}},"s":{"0":4,"1":4,"2":17,"3":17,"4":17,"5":17,"6":1,"7":16,"8":16,"9":16,"10":2,"11":14,"12":14,"13":4},"f":{"0":17,"1":16},"b":{"0":[17,16],"1":[1],"2":[2]}}
,"/Users/galkrigel/Documents/projects/Gals-final-web-project/server/webserver/src/controllers/auth_controller.ts": {"path":"/Users/galkrigel/Documents/projects/Gals-final-web-project/server/webserver/src/controllers/auth_controller.ts","statementMap":{"0":{"start":{"line":2,"column":0},"end":{"line":2,"column":51}},"1":{"start":{"line":3,"column":0},"end":{"line":3,"column":28}},"2":{"start":{"line":4,"column":0},"end":{"line":4,"column":31}},"3":{"start":{"line":5,"column":0},"end":{"line":5,"column":51}},"4":{"start":{"line":9,"column":15},"end":{"line":9,"column":33}},"5":{"start":{"line":11,"column":23},"end":{"line":24,"column":null}},"6":{"start":{"line":11,"column":56},"end":{"line":24,"column":null}},"7":{"start":{"line":12,"column":24},"end":{"line":12,"column":118}},"8":{"start":{"line":13,"column":25},"end":{"line":13,"column":84}},"9":{"start":{"line":14,"column":4},"end":{"line":18,"column":5}},"10":{"start":{"line":15,"column":8},"end":{"line":15,"column":44}},"11":{"start":{"line":17,"column":8},"end":{"line":17,"column":46}},"12":{"start":{"line":19,"column":4},"end":{"line":19,"column":22}},"13":{"start":{"line":20,"column":4},"end":{"line":23,"column":6}},"14":{"start":{"line":26,"column":21},"end":{"line":57,"column":null}},"15":{"start":{"line":26,"column":59},"end":{"line":57,"column":null}},"16":{"start":{"line":27,"column":4},"end":{"line":56,"column":5}},"17":{"start":{"line":28,"column":23},"end":{"line":31,"column":10}},"18":{"start":{"line":32,"column":24},"end":{"line":32,"column":43}},"19":{"start":{"line":33,"column":22},"end":{"line":33,"column":36}},"20":{"start":{"line":35,"column":8},"end":{"line":53,"column":9}},"21":{"start":{"line":36,"column":23},"end":{"line":36,"column":61}},"22":{"start":{"line":37,"column":12},"end":{"line":44,"column":13}},"23":{"start":{"line":38,"column":16},"end":{"line":43,"column":23}},"24":{"start":{"line":45,"column":27},"end":{"line":45,"column":53}},"25":{"start":{"line":46,"column":12},"end":{"line":52,"column":null}},"26":{"start":{"line":55,"column":8},"end":{"line":55,"column":49}},"27":{"start":{"line":59,"column":17},"end":{"line":84,"column":null}},"28":{"start":{"line":59,"column":55},"end":{"line":84,"column":null}},"29":{"start":{"line":60,"column":18},"end":{"line":60,"column":32}},"30":{"start":{"line":61,"column":21},"end":{"line":61,"column":38}},"31":{"start":{"line":62,"column":19},"end":{"line":62,"column":34}},"32":{"start":{"line":63,"column":4},"end":{"line":65,"column":5}},"33":{"start":{"line":64,"column":8},"end":{"line":64,"column":65}},"34":{"start":{"line":66,"column":4},"end":{"line":83,"column":5}},"35":{"start":{"line":67,"column":19},"end":{"line":67,"column":57}},"36":{"start":{"line":68,"column":8},"end":{"line":70,"column":9}},"37":{"start":{"line":69,"column":12},"end":{"line":69,"column":64}},"38":{"start":{"line":71,"column":21},"end":{"line":71,"column":45}},"39":{"start":{"line":72,"column":34},"end":{"line":72,"column":67}},"40":{"start":{"line":73,"column":20},"end":{"line":73,"column":106}},"41":{"start":{"line":74,"column":23},"end":{"line":74,"column":48}},"42":{"start":{"line":75,"column":8},"end":{"line":80,"column":11}},"43":{"start":{"line":82,"column":8},"end":{"line":82,"column":71}},"44":{"start":{"line":86,"column":14},"end":{"line":119,"column":null}},"45":{"start":{"line":86,"column":52},"end":{"line":119,"column":null}},"46":{"start":{"line":87,"column":18},"end":{"line":87,"column":32}},"47":{"start":{"line":88,"column":21},"end":{"line":88,"column":38}},"48":{"start":{"line":89,"column":4},"end":{"line":91,"column":5}},"49":{"start":{"line":90,"column":8},"end":{"line":90,"column":65}},"50":{"start":{"line":92,"column":4},"end":{"line":118,"column":5}},"51":{"start":{"line":93,"column":21},"end":{"line":93,"column":59}},"52":{"start":{"line":94,"column":8},"end":{"line":96,"column":9}},"53":{"start":{"line":95,"column":12},"end":{"line":95,"column":71}},"54":{"start":{"line":97,"column":22},"end":{"line":97,"column":67}},"55":{"start":{"line":98,"column":8},"end":{"line":100,"column":9}},"56":{"start":{"line":99,"column":12},"end":{"line":99,"column":71}},"57":{"start":{"line":102,"column":28},"end":{"line":102,"column":122}},"58":{"start":{"line":103,"column":29},"end":{"line":103,"column":88}},"59":{"start":{"line":104,"column":8},"end":{"line":108,"column":9}},"60":{"start":{"line":105,"column":12},"end":{"line":105,"column":48}},"61":{"start":{"line":107,"column":12},"end":{"line":107,"column":50}},"62":{"start":{"line":109,"column":8},"end":{"line":109,"column":26}},"63":{"start":{"line":110,"column":8},"end":{"line":110,"column":57}},"64":{"start":{"line":111,"column":8},"end":{"line":115,"column":11}},"65":{"start":{"line":117,"column":8},"end":{"line":117,"column":71}},"66":{"start":{"line":121,"column":15},"end":{"line":146,"column":null}},"67":{"start":{"line":121,"column":53},"end":{"line":146,"column":null}},"68":{"start":{"line":122,"column":23},"end":{"line":122,"column":51}},"69":{"start":{"line":123,"column":25},"end":{"line":123,"column":63}},"70":{"start":{"line":124,"column":4},"end":{"line":124,"column":57}},"71":{"start":{"line":124,"column":30},"end":{"line":124,"column":57}},"72":{"start":{"line":125,"column":4},"end":{"line":145,"column":7}},"73":{"start":{"line":125,"column":100},"end":{"line":145,"column":6}},"74":{"start":{"line":126,"column":8},"end":{"line":128,"column":9}},"75":{"start":{"line":127,"column":12},"end":{"line":127,"column":39}},"76":{"start":{"line":130,"column":8},"end":{"line":144,"column":9}},"77":{"start":{"line":131,"column":27},"end":{"line":131,"column":66}},"78":{"start":{"line":132,"column":12},"end":{"line":140,"column":13}},"79":{"start":{"line":133,"column":16},"end":{"line":133,"column":42}},"80":{"start":{"line":134,"column":16},"end":{"line":134,"column":36}},"81":{"start":{"line":135,"column":16},"end":{"line":135,"column":43}},"82":{"start":{"line":137,"column":16},"end":{"line":137,"column":92}},"83":{"start":{"line":137,"column":72},"end":{"line":137,"column":90}},"84":{"start":{"line":138,"column":16},"end":{"line":138,"column":36}},"85":{"start":{"line":139,"column":16},"end":{"line":139,"column":43}},"86":{"start":{"line":142,"column":12},"end":{"line":142,"column":48}},"87":{"start":{"line":143,"column":12},"end":{"line":143,"column":50}},"88":{"start":{"line":148,"column":16},"end":{"line":177,"column":null}},"89":{"start":{"line":148,"column":54},"end":{"line":177,"column":null}},"90":{"start":{"line":149,"column":23},"end":{"line":149,"column":51}},"91":{"start":{"line":150,"column":25},"end":{"line":150,"column":63}},"92":{"start":{"line":151,"column":4},"end":{"line":151,"column":57}},"93":{"start":{"line":151,"column":30},"end":{"line":151,"column":57}},"94":{"start":{"line":152,"column":4},"end":{"line":176,"column":7}},"95":{"start":{"line":152,"column":100},"end":{"line":176,"column":6}},"96":{"start":{"line":153,"column":8},"end":{"line":156,"column":9}},"97":{"start":{"line":154,"column":12},"end":{"line":154,"column":29}},"98":{"start":{"line":155,"column":12},"end":{"line":155,"column":39}},"99":{"start":{"line":157,"column":8},"end":{"line":175,"column":9}},"100":{"start":{"line":158,"column":27},"end":{"line":158,"column":66}},"101":{"start":{"line":159,"column":12},"end":{"line":163,"column":13}},"102":{"start":{"line":160,"column":16},"end":{"line":160,"column":42}},"103":{"start":{"line":161,"column":16},"end":{"line":161,"column":36}},"104":{"start":{"line":162,"column":16},"end":{"line":162,"column":43}},"105":{"start":{"line":164,"column":32},"end":{"line":164,"column":126}},"106":{"start":{"line":165,"column":36},"end":{"line":165,"column":95}},"107":{"start":{"line":166,"column":12},"end":{"line":166,"column":88}},"108":{"start":{"line":166,"column":68},"end":{"line":166,"column":86}},"109":{"start":{"line":167,"column":12},"end":{"line":167,"column":55}},"110":{"start":{"line":168,"column":12},"end":{"line":168,"column":32}},"111":{"start":{"line":169,"column":12},"end":{"line":172,"column":15}},"112":{"start":{"line":174,"column":12},"end":{"line":174,"column":50}},"113":{"start":{"line":179,"column":0},"end":{"line":185,"column":null}}},"fnMap":{"0":{"name":"(anonymous_8)","decl":{"start":{"line":11,"column":23},"end":{"line":11,"column":30}},"loc":{"start":{"line":11,"column":56},"end":{"line":24,"column":null}}},"1":{"name":"(anonymous_9)","decl":{"start":{"line":11,"column":56},"end":{"line":11,"column":null}},"loc":{"start":{"line":11,"column":56},"end":{"line":24,"column":1}}},"2":{"name":"(anonymous_10)","decl":{"start":{"line":26,"column":21},"end":{"line":26,"column":28}},"loc":{"start":{"line":26,"column":59},"end":{"line":57,"column":null}}},"3":{"name":"(anonymous_11)","decl":{"start":{"line":26,"column":59},"end":{"line":26,"column":null}},"loc":{"start":{"line":26,"column":59},"end":{"line":57,"column":1}}},"4":{"name":"(anonymous_12)","decl":{"start":{"line":59,"column":17},"end":{"line":59,"column":24}},"loc":{"start":{"line":59,"column":55},"end":{"line":84,"column":null}}},"5":{"name":"(anonymous_13)","decl":{"start":{"line":59,"column":55},"end":{"line":59,"column":null}},"loc":{"start":{"line":59,"column":55},"end":{"line":84,"column":1}}},"6":{"name":"(anonymous_14)","decl":{"start":{"line":86,"column":14},"end":{"line":86,"column":21}},"loc":{"start":{"line":86,"column":52},"end":{"line":119,"column":null}}},"7":{"name":"(anonymous_15)","decl":{"start":{"line":86,"column":52},"end":{"line":86,"column":null}},"loc":{"start":{"line":86,"column":52},"end":{"line":119,"column":1}}},"8":{"name":"(anonymous_16)","decl":{"start":{"line":121,"column":15},"end":{"line":121,"column":22}},"loc":{"start":{"line":121,"column":53},"end":{"line":146,"column":null}}},"9":{"name":"(anonymous_17)","decl":{"start":{"line":121,"column":53},"end":{"line":121,"column":null}},"loc":{"start":{"line":121,"column":53},"end":{"line":146,"column":1}}},"10":{"name":"(anonymous_18)","decl":{"start":{"line":125,"column":61},"end":{"line":125,"column":68}},"loc":{"start":{"line":125,"column":100},"end":{"line":145,"column":6}}},"11":{"name":"(anonymous_19)","decl":{"start":{"line":125,"column":100},"end":{"line":125,"column":null}},"loc":{"start":{"line":125,"column":100},"end":{"line":145,"column":5}}},"12":{"name":"(anonymous_20)","decl":{"start":{"line":137,"column":67},"end":{"line":137,"column":68}},"loc":{"start":{"line":137,"column":72},"end":{"line":137,"column":90}}},"13":{"name":"(anonymous_21)","decl":{"start":{"line":148,"column":16},"end":{"line":148,"column":23}},"loc":{"start":{"line":148,"column":54},"end":{"line":177,"column":null}}},"14":{"name":"(anonymous_22)","decl":{"start":{"line":148,"column":54},"end":{"line":148,"column":null}},"loc":{"start":{"line":148,"column":54},"end":{"line":177,"column":1}}},"15":{"name":"(anonymous_23)","decl":{"start":{"line":152,"column":61},"end":{"line":152,"column":68}},"loc":{"start":{"line":152,"column":100},"end":{"line":176,"column":6}}},"16":{"name":"(anonymous_24)","decl":{"start":{"line":152,"column":100},"end":{"line":152,"column":null}},"loc":{"start":{"line":152,"column":100},"end":{"line":176,"column":5}}},"17":{"name":"(anonymous_25)","decl":{"start":{"line":166,"column":63},"end":{"line":166,"column":64}},"loc":{"start":{"line":166,"column":68},"end":{"line":166,"column":86}}}},"branchMap":{"0":{"loc":{"start":{"line":14,"column":4},"end":{"line":18,"column":5}},"type":"if","locations":[{"start":{"line":14,"column":4},"end":{"line":18,"column":5}},{"start":{"line":16,"column":11},"end":{"line":18,"column":5}}]},"1":{"loc":{"start":{"line":33,"column":22},"end":{"line":33,"column":36}},"type":"cond-expr","locations":[{"start":{"line":33,"column":29},"end":{"line":33,"column":31}},{"start":{"line":33,"column":22},"end":{"line":33,"column":36}}]},"2":{"loc":{"start":{"line":33,"column":22},"end":{"line":33,"column":31}},"type":"binary-expr","locations":[{"start":{"line":33,"column":22},"end":{"line":33,"column":31}},{"start":{"line":33,"column":22},"end":{"line":33,"column":31}}]},"3":{"loc":{"start":{"line":35,"column":8},"end":{"line":53,"column":9}},"type":"if","locations":[{"start":{"line":35,"column":8},"end":{"line":53,"column":9}}]},"4":{"loc":{"start":{"line":37,"column":12},"end":{"line":44,"column":13}},"type":"if","locations":[{"start":{"line":37,"column":12},"end":{"line":44,"column":13}}]},"5":{"loc":{"start":{"line":42,"column":34},"end":{"line":42,"column":50}},"type":"cond-expr","locations":[{"start":{"line":42,"column":41},"end":{"line":42,"column":43}},{"start":{"line":42,"column":34},"end":{"line":42,"column":50}}]},"6":{"loc":{"start":{"line":42,"column":34},"end":{"line":42,"column":43}},"type":"binary-expr","locations":[{"start":{"line":42,"column":34},"end":{"line":42,"column":43}},{"start":{"line":42,"column":34},"end":{"line":42,"column":43}}]},"7":{"loc":{"start":{"line":63,"column":4},"end":{"line":65,"column":5}},"type":"if","locations":[{"start":{"line":63,"column":4},"end":{"line":65,"column":5}}]},"8":{"loc":{"start":{"line":63,"column":8},"end":{"line":63,"column":27}},"type":"binary-expr","locations":[{"start":{"line":63,"column":8},"end":{"line":63,"column":14}},{"start":{"line":63,"column":18},"end":{"line":63,"column":27}}]},"9":{"loc":{"start":{"line":68,"column":8},"end":{"line":70,"column":9}},"type":"if","locations":[{"start":{"line":68,"column":8},"end":{"line":70,"column":9}}]},"10":{"loc":{"start":{"line":89,"column":4},"end":{"line":91,"column":5}},"type":"if","locations":[{"start":{"line":89,"column":4},"end":{"line":91,"column":5}}]},"11":{"loc":{"start":{"line":89,"column":8},"end":{"line":89,"column":27}},"type":"binary-expr","locations":[{"start":{"line":89,"column":8},"end":{"line":89,"column":14}},{"start":{"line":89,"column":18},"end":{"line":89,"column":27}}]},"12":{"loc":{"start":{"line":94,"column":8},"end":{"line":96,"column":9}},"type":"if","locations":[{"start":{"line":94,"column":8},"end":{"line":96,"column":9}}]},"13":{"loc":{"start":{"line":98,"column":8},"end":{"line":100,"column":9}},"type":"if","locations":[{"start":{"line":98,"column":8},"end":{"line":100,"column":9}}]},"14":{"loc":{"start":{"line":104,"column":8},"end":{"line":108,"column":9}},"type":"if","locations":[{"start":{"line":104,"column":8},"end":{"line":108,"column":9}},{"start":{"line":106,"column":15},"end":{"line":108,"column":9}}]},"15":{"loc":{"start":{"line":123,"column":25},"end":{"line":123,"column":63}},"type":"binary-expr","locations":[{"start":{"line":123,"column":25},"end":{"line":123,"column":35}},{"start":{"line":123,"column":39},"end":{"line":123,"column":63}}]},"16":{"loc":{"start":{"line":124,"column":4},"end":{"line":124,"column":57}},"type":"if","locations":[{"start":{"line":124,"column":4},"end":{"line":124,"column":57}}]},"17":{"loc":{"start":{"line":126,"column":8},"end":{"line":128,"column":9}},"type":"if","locations":[{"start":{"line":126,"column":8},"end":{"line":128,"column":9}}]},"18":{"loc":{"start":{"line":132,"column":12},"end":{"line":140,"column":13}},"type":"if","locations":[{"start":{"line":132,"column":12},"end":{"line":140,"column":13}},{"start":{"line":136,"column":19},"end":{"line":140,"column":13}}]},"19":{"loc":{"start":{"line":132,"column":16},"end":{"line":132,"column":85}},"type":"binary-expr","locations":[{"start":{"line":132,"column":16},"end":{"line":132,"column":37}},{"start":{"line":132,"column":41},"end":{"line":132,"column":85}}]},"20":{"loc":{"start":{"line":150,"column":25},"end":{"line":150,"column":63}},"type":"binary-expr","locations":[{"start":{"line":150,"column":25},"end":{"line":150,"column":35}},{"start":{"line":150,"column":39},"end":{"line":150,"column":63}}]},"21":{"loc":{"start":{"line":151,"column":4},"end":{"line":151,"column":57}},"type":"if","locations":[{"start":{"line":151,"column":4},"end":{"line":151,"column":57}}]},"22":{"loc":{"start":{"line":153,"column":8},"end":{"line":156,"column":9}},"type":"if","locations":[{"start":{"line":153,"column":8},"end":{"line":156,"column":9}}]},"23":{"loc":{"start":{"line":159,"column":12},"end":{"line":163,"column":13}},"type":"if","locations":[{"start":{"line":159,"column":12},"end":{"line":163,"column":13}}]},"24":{"loc":{"start":{"line":159,"column":16},"end":{"line":159,"column":85}},"type":"binary-expr","locations":[{"start":{"line":159,"column":16},"end":{"line":159,"column":37}},{"start":{"line":159,"column":41},"end":{"line":159,"column":85}}]}},"s":{"0":4,"1":4,"2":4,"3":4,"4":4,"5":4,"6":4,"7":4,"8":4,"9":4,"10":0,"11":4,"12":4,"13":4,"14":4,"15":0,"16":0,"17":0,"18":0,"19":0,"20":0,"21":0,"22":0,"23":0,"24":0,"25":0,"26":0,"27":4,"28":7,"29":7,"30":7,"31":7,"32":7,"33":2,"34":5,"35":5,"36":5,"37":1,"38":4,"39":4,"40":4,"41":4,"42":4,"43":0,"44":4,"45":9,"46":9,"47":9,"48":9,"49":3,"50":6,"51":6,"52":6,"53":1,"54":5,"55":5,"56":1,"57":4,"58":4,"59":4,"60":0,"61":4,"62":4,"63":4,"64":4,"65":0,"66":4,"67":3,"68":3,"69":3,"70":3,"71":1,"72":2,"73":2,"74":2,"75":1,"76":1,"77":1,"78":1,"79":0,"80":0,"81":0,"82":1,"83":2,"84":1,"85":1,"86":0,"87":0,"88":4,"89":5,"90":5,"91":5,"92":5,"93":1,"94":4,"95":4,"96":4,"97":1,"98":1,"99":3,"100":3,"101":3,"102":2,"103":2,"104":2,"105":1,"106":1,"107":1,"108":2,"109":1,"110":1,"111":1,"112":0,"113":4},"f":{"0":4,"1":4,"2":0,"3":0,"4":7,"5":7,"6":9,"7":9,"8":3,"9":3,"10":2,"11":2,"12":2,"13":5,"14":5,"15":4,"16":4,"17":2},"b":{"0":[0,4],"1":[0,0],"2":[0,0],"3":[0],"4":[0],"5":[0,0],"6":[0,0],"7":[2],"8":[7,6],"9":[1],"10":[3],"11":[9,7],"12":[1],"13":[1],"14":[0,4],"15":[3,2],"16":[1],"17":[1],"18":[0,1],"19":[1,1],"20":[5,4],"21":[1],"22":[1],"23":[2],"24":[3,3]}}
,"/Users/galkrigel/Documents/projects/Gals-final-web-project/server/webserver/src/controllers/base_controller.ts": {"path":"/Users/galkrigel/Documents/projects/Gals-final-web-project/server/webserver/src/controllers/base_controller.ts","statementMap":{"0":{"start":{"line":8,"column":8},"end":{"line":8,"column":27}},"1":{"start":{"line":12,"column":8},"end":{"line":12,"column":37}},"2":{"start":{"line":13,"column":8},"end":{"line":23,"column":9}},"3":{"start":{"line":14,"column":12},"end":{"line":20,"column":13}},"4":{"start":{"line":15,"column":32},"end":{"line":15,"column":81}},"5":{"start":{"line":16,"column":16},"end":{"line":16,"column":46}},"6":{"start":{"line":18,"column":32},"end":{"line":18,"column":55}},"7":{"start":{"line":19,"column":16},"end":{"line":19,"column":46}},"8":{"start":{"line":22,"column":12},"end":{"line":22,"column":59}},"9":{"start":{"line":27,"column":8},"end":{"line":27,"column":57}},"10":{"start":{"line":28,"column":8},"end":{"line":36,"column":9}},"11":{"start":{"line":29,"column":27},"end":{"line":29,"column":67}},"12":{"start":{"line":30,"column":12},"end":{"line":30,"column":48}},"13":{"start":{"line":31,"column":12},"end":{"line":31,"column":null}},"14":{"start":{"line":33,"column":12},"end":{"line":33,"column":29}},"15":{"start":{"line":35,"column":12},"end":{"line":35,"column":59}},"16":{"start":{"line":40,"column":8},"end":{"line":40,"column":47}},"17":{"start":{"line":41,"column":8},"end":{"line":47,"column":9}},"18":{"start":{"line":42,"column":24},"end":{"line":42,"column":57}},"19":{"start":{"line":43,"column":12},"end":{"line":43,"column":38}},"20":{"start":{"line":45,"column":12},"end":{"line":45,"column":51}},"21":{"start":{"line":46,"column":12},"end":{"line":46,"column":62}},"22":{"start":{"line":51,"column":8},"end":{"line":51,"column":57}},"23":{"start":{"line":52,"column":8},"end":{"line":58,"column":9}},"24":{"start":{"line":53,"column":24},"end":{"line":53,"column":98}},"25":{"start":{"line":54,"column":12},"end":{"line":54,"column":38}},"26":{"start":{"line":56,"column":12},"end":{"line":56,"column":50}},"27":{"start":{"line":57,"column":12},"end":{"line":57,"column":62}},"28":{"start":{"line":63,"column":8},"end":{"line":63,"column":59}},"29":{"start":{"line":64,"column":8},"end":{"line":74,"column":9}},"30":{"start":{"line":65,"column":24},"end":{"line":65,"column":73}},"31":{"start":{"line":66,"column":12},"end":{"line":69,"column":42}},"32":{"start":{"line":67,"column":16},"end":{"line":67,"column":42}},"33":{"start":{"line":69,"column":16},"end":{"line":69,"column":42}},"34":{"start":{"line":72,"column":12},"end":{"line":72,"column":53}},"35":{"start":{"line":73,"column":12},"end":{"line":73,"column":62}},"36":{"start":{"line":4,"column":0},"end":{"line":4,"column":13}},"37":{"start":{"line":78,"column":25},"end":{"line":80,"column":1}},"38":{"start":{"line":79,"column":4},"end":{"line":79,"column":48}},"39":{"start":{"line":82,"column":0},"end":{"line":82,"column":32}}},"fnMap":{"0":{"name":"(anonymous_7)","decl":{"start":{"line":7,"column":4},"end":{"line":7,"column":16}},"loc":{"start":{"line":7,"column":39},"end":{"line":9,"column":5}}},"1":{"name":"(anonymous_8)","decl":{"start":{"line":11,"column":10},"end":{"line":11,"column":13}},"loc":{"start":{"line":11,"column":41},"end":{"line":24,"column":null}}},"2":{"name":"(anonymous_10)","decl":{"start":{"line":26,"column":10},"end":{"line":26,"column":17}},"loc":{"start":{"line":26,"column":45},"end":{"line":37,"column":null}}},"3":{"name":"(anonymous_12)","decl":{"start":{"line":39,"column":10},"end":{"line":39,"column":14}},"loc":{"start":{"line":39,"column":42},"end":{"line":48,"column":null}}},"4":{"name":"(anonymous_14)","decl":{"start":{"line":50,"column":10},"end":{"line":50,"column":17}},"loc":{"start":{"line":50,"column":45},"end":{"line":60,"column":null}}},"5":{"name":"(anonymous_16)","decl":{"start":{"line":62,"column":10},"end":{"line":62,"column":20}},"loc":{"start":{"line":62,"column":48},"end":{"line":75,"column":null}}},"6":{"name":"(anonymous_18)","decl":{"start":{"line":78,"column":25},"end":{"line":78,"column":37}},"loc":{"start":{"line":78,"column":64},"end":{"line":80,"column":1}}}},"branchMap":{"0":{"loc":{"start":{"line":14,"column":12},"end":{"line":20,"column":13}},"type":"if","locations":[{"start":{"line":14,"column":12},"end":{"line":20,"column":13}},{"start":{"line":17,"column":19},"end":{"line":20,"column":13}}]},"1":{"loc":{"start":{"line":66,"column":12},"end":{"line":69,"column":42}},"type":"if","locations":[{"start":{"line":66,"column":12},"end":{"line":69,"column":42}},{"start":{"line":69,"column":16},"end":{"line":69,"column":42}}]}},"s":{"0":8,"1":7,"2":7,"3":7,"4":1,"5":1,"6":6,"7":6,"8":0,"9":4,"10":4,"11":4,"12":2,"13":2,"14":2,"15":2,"16":3,"17":3,"18":3,"19":2,"20":1,"21":1,"22":2,"23":2,"24":2,"25":2,"26":0,"27":0,"28":2,"29":2,"30":2,"31":2,"32":1,"33":1,"34":0,"35":0,"36":4,"37":4,"38":4,"39":4},"f":{"0":8,"1":7,"2":4,"3":3,"4":2,"5":2,"6":4},"b":{"0":[1,6],"1":[1,1]}}
,"/Users/galkrigel/Documents/projects/Gals-final-web-project/server/webserver/src/controllers/property_controller.ts": {"path":"/Users/galkrigel/Documents/projects/Gals-final-web-project/server/webserver/src/controllers/property_controller.ts","statementMap":{"0":{"start":{"line":1,"column":0},"end":{"line":1,"column":51}},"1":{"start":{"line":4,"column":0},"end":{"line":4,"column":63}},"2":{"start":{"line":8,"column":8},"end":{"line":8,"column":null}},"3":{"start":{"line":12,"column":8},"end":{"line":12,"column":49}},"4":{"start":{"line":13,"column":20},"end":{"line":13,"column":32}},"5":{"start":{"line":14,"column":8},"end":{"line":14,"column":31}},"6":{"start":{"line":15,"column":8},"end":{"line":15,"column":31}},"7":{"start":{"line":16,"column":8},"end":{"line":16,"column":28}},"8":{"start":{"line":17,"column":8},"end":{"line":17,"column":29}},"9":{"start":{"line":21,"column":0},"end":{"line":21,"column":40}}},"fnMap":{"0":{"name":"(anonymous_8)","decl":{"start":{"line":7,"column":4},"end":{"line":7,"column":null}},"loc":{"start":{"line":7,"column":4},"end":{"line":9,"column":5}}},"1":{"name":"(anonymous_9)","decl":{"start":{"line":11,"column":10},"end":{"line":11,"column":14}},"loc":{"start":{"line":11,"column":47},"end":{"line":18,"column":null}}}},"branchMap":{},"s":{"0":4,"1":4,"2":4,"3":1,"4":1,"5":1,"6":1,"7":1,"8":1,"9":4},"f":{"0":4,"1":1},"b":{}}
,"/Users/galkrigel/Documents/projects/Gals-final-web-project/server/webserver/src/controllers/user_controller.ts": {"path":"/Users/galkrigel/Documents/projects/Gals-final-web-project/server/webserver/src/controllers/user_controller.ts","statementMap":{"0":{"start":{"line":1,"column":0},"end":{"line":1,"column":56}},"1":{"start":{"line":2,"column":0},"end":{"line":2,"column":49}},"2":{"start":{"line":4,"column":23},"end":{"line":4,"column":57}},"3":{"start":{"line":6,"column":0},"end":{"line":6,"column":null}}},"fnMap":{},"branchMap":{},"s":{"0":4,"1":4,"2":4,"3":4},"f":{},"b":{}}
,"/Users/galkrigel/Documents/projects/Gals-final-web-project/server/webserver/src/models/property_model.ts": {"path":"/Users/galkrigel/Documents/projects/Gals-final-web-project/server/webserver/src/models/property_model.ts","statementMap":{"0":{"start":{"line":1,"column":0},"end":{"line":1,"column":32}},"1":{"start":{"line":21,"column":23},"end":{"line":75,"column":2}},"2":{"start":{"line":77,"column":0},"end":{"line":77,"column":71}}},"fnMap":{},"branchMap":{},"s":{"0":4,"1":4,"2":4},"f":{},"b":{}}
,"/Users/galkrigel/Documents/projects/Gals-final-web-project/server/webserver/src/models/user_model.ts": {"path":"/Users/galkrigel/Documents/projects/Gals-final-web-project/server/webserver/src/models/user_model.ts","statementMap":{"0":{"start":{"line":1,"column":0},"end":{"line":1,"column":32}},"1":{"start":{"line":13,"column":19},"end":{"line":38,"column":2}},"2":{"start":{"line":40,"column":0},"end":{"line":40,"column":57}}},"fnMap":{},"branchMap":{},"s":{"0":4,"1":4,"2":4},"f":{},"b":{}}
,"/Users/galkrigel/Documents/projects/Gals-final-web-project/server/webserver/src/routes/auth_route.ts": {"path":"/Users/galkrigel/Documents/projects/Gals-final-web-project/server/webserver/src/routes/auth_route.ts","statementMap":{"0":{"start":{"line":1,"column":0},"end":{"line":1,"column":30}},"1":{"start":{"line":2,"column":15},"end":{"line":2,"column":31}},"2":{"start":{"line":3,"column":0},"end":{"line":3,"column":60}},"3":{"start":{"line":64,"column":0},"end":{"line":64,"column":50}},"4":{"start":{"line":65,"column":0},"end":{"line":65,"column":52}},"5":{"start":{"line":110,"column":0},"end":{"line":110,"column":44}},"6":{"start":{"line":125,"column":0},"end":{"line":125,"column":45}},"7":{"start":{"line":126,"column":0},"end":{"line":126,"column":47}},"8":{"start":{"line":128,"column":0},"end":{"line":128,"column":22}}},"fnMap":{},"branchMap":{},"s":{"0":4,"1":4,"2":4,"3":4,"4":4,"5":4,"6":4,"7":4,"8":4},"f":{},"b":{}}
,"/Users/galkrigel/Documents/projects/Gals-final-web-project/server/webserver/src/routes/file_route.ts": {"path":"/Users/galkrigel/Documents/projects/Gals-final-web-project/server/webserver/src/routes/file_route.ts","statementMap":{"0":{"start":{"line":1,"column":0},"end":{"line":1,"column":30}},"1":{"start":{"line":2,"column":15},"end":{"line":2,"column":31}},"2":{"start":{"line":3,"column":0},"end":{"line":3,"column":28}},"3":{"start":{"line":5,"column":13},"end":{"line":5,"column":37}},"4":{"start":{"line":7,"column":16},"end":{"line":18,"column":2}},"5":{"start":{"line":9,"column":8},"end":{"line":9,"column":null}},"6":{"start":{"line":12,"column":20},"end":{"line":15,"column":22}},"7":{"start":{"line":16,"column":8},"end":{"line":16,"column":null}},"8":{"start":{"line":19,"column":15},"end":{"line":19,"column":43}},"9":{"start":{"line":55,"column":0},"end":{"line":58,"column":3}},"10":{"start":{"line":56,"column":4},"end":{"line":56,"column":null}},"11":{"start":{"line":57,"column":4},"end":{"line":57,"column":null}},"12":{"start":{"line":59,"column":0},"end":{"line":59,"column":22}}},"fnMap":{"0":{"name":"(anonymous_1)","decl":{"start":{"line":8,"column":17},"end":{"line":8,"column":27}},"loc":{"start":{"line":8,"column":40},"end":{"line":10,"column":5}}},"1":{"name":"(anonymous_2)","decl":{"start":{"line":11,"column":14},"end":{"line":11,"column":24}},"loc":{"start":{"line":11,"column":37},"end":{"line":17,"column":5}}},"2":{"name":"(anonymous_3)","decl":{"start":{"line":55,"column":40},"end":{"line":55,"column":50}},"loc":{"start":{"line":55,"column":68},"end":{"line":58,"column":1}}}},"branchMap":{},"s":{"0":4,"1":4,"2":4,"3":4,"4":4,"5":1,"6":1,"7":1,"8":4,"9":4,"10":1,"11":1,"12":4},"f":{"0":1,"1":1,"2":1},"b":{}}
,"/Users/galkrigel/Documents/projects/Gals-final-web-project/server/webserver/src/routes/property_route.ts": {"path":"/Users/galkrigel/Documents/projects/Gals-final-web-project/server/webserver/src/routes/property_route.ts","statementMap":{"0":{"start":{"line":1,"column":0},"end":{"line":1,"column":30}},"1":{"start":{"line":2,"column":15},"end":{"line":2,"column":31}},"2":{"start":{"line":3,"column":0},"end":{"line":3,"column":68}},"3":{"start":{"line":4,"column":0},"end":{"line":4,"column":55}},"4":{"start":{"line":85,"column":0},"end":{"line":85,"column":65}},"5":{"start":{"line":110,"column":0},"end":{"line":110,"column":72}},"6":{"start":{"line":134,"column":0},"end":{"line":134,"column":83}},"7":{"start":{"line":165,"column":0},"end":{"line":165,"column":88}},"8":{"start":{"line":186,"column":0},"end":{"line":186,"column":94}},"9":{"start":{"line":188,"column":0},"end":{"line":188,"column":22}}},"fnMap":{},"branchMap":{},"s":{"0":4,"1":4,"2":4,"3":4,"4":4,"5":4,"6":4,"7":4,"8":4,"9":4},"f":{},"b":{}}
,"/Users/galkrigel/Documents/projects/Gals-final-web-project/server/webserver/src/routes/user_route.ts": {"path":"/Users/galkrigel/Documents/projects/Gals-final-web-project/server/webserver/src/routes/user_route.ts","statementMap":{"0":{"start":{"line":1,"column":0},"end":{"line":1,"column":30}},"1":{"start":{"line":2,"column":15},"end":{"line":2,"column":31}},"2":{"start":{"line":3,"column":0},"end":{"line":3,"column":60}},"3":{"start":{"line":4,"column":0},"end":{"line":4,"column":55}},"4":{"start":{"line":65,"column":0},"end":{"line":65,"column":73}},"5":{"start":{"line":90,"column":0},"end":{"line":90,"column":80}},"6":{"start":{"line":114,"column":0},"end":{"line":114,"column":75}},"7":{"start":{"line":145,"column":0},"end":{"line":145,"column":80}},"8":{"start":{"line":166,"column":0},"end":{"line":166,"column":86}},"9":{"start":{"line":168,"column":0},"end":{"line":168,"column":22}}},"fnMap":{},"branchMap":{},"s":{"0":4,"1":4,"2":4,"3":4,"4":4,"5":4,"6":4,"7":4,"8":4,"9":4},"f":{},"b":{}}
}
