TN:
SF:src/app.ts
FN:14,(anonymous_1)
FN:33,(anonymous_2)
FN:35,(anonymous_3)
FN:36,(anonymous_4)
FN:38,(anonymous_5)
FNF:5
FNH:4
FNDA:4,(anonymous_1)
FNDA:4,(anonymous_2)
FNDA:4,(anonymous_3)
FNDA:0,(anonymous_4)
FNDA:4,(anonymous_5)
DA:1,4
DA:2,4
DA:3,4
DA:4,4
DA:5,4
DA:6,4
DA:7,4
DA:8,4
DA:9,4
DA:10,4
DA:11,4
DA:12,4
DA:14,4
DA:15,4
DA:27,4
DA:29,4
DA:33,4
DA:34,4
DA:35,4
DA:36,4
DA:37,4
DA:38,4
DA:39,4
DA:40,4
DA:43,4
DA:44,4
DA:45,4
DA:46,4
DA:47,4
DA:48,4
DA:49,4
DA:50,4
DA:51,4
DA:54,4
DA:57,4
LF:35
LH:35
BRF:0
BRH:0
end_of_record
TN:
SF:src/common/auth_middleware.ts
FN:7,(anonymous_1)
FN:12,(anonymous_2)
FNF:2
FNH:2
FNDA:17,(anonymous_1)
FNDA:16,(anonymous_2)
DA:2,4
DA:7,4
DA:8,17
DA:9,17
DA:10,17
DA:11,17
DA:12,16
DA:13,16
DA:14,16
DA:15,14
DA:16,14
DA:20,4
LF:12
LH:12
BRDA:9,0,0,17
BRDA:9,0,1,16
BRDA:11,1,0,1
BRDA:14,2,0,2
BRF:4
BRH:4
end_of_record
TN:
SF:src/controllers/auth_controller.ts
FN:11,(anonymous_8)
FN:11,(anonymous_9)
FN:26,(anonymous_10)
FN:26,(anonymous_11)
FN:59,(anonymous_12)
FN:59,(anonymous_13)
FN:86,(anonymous_14)
FN:86,(anonymous_15)
FN:121,(anonymous_16)
FN:121,(anonymous_17)
FN:125,(anonymous_18)
FN:125,(anonymous_19)
FN:137,(anonymous_20)
FN:148,(anonymous_21)
FN:148,(anonymous_22)
FN:152,(anonymous_23)
FN:152,(anonymous_24)
FN:166,(anonymous_25)
FNF:18
FNH:16
FNDA:4,(anonymous_8)
FNDA:4,(anonymous_9)
FNDA:0,(anonymous_10)
FNDA:0,(anonymous_11)
FNDA:7,(anonymous_12)
FNDA:7,(anonymous_13)
FNDA:9,(anonymous_14)
FNDA:9,(anonymous_15)
FNDA:3,(anonymous_16)
FNDA:3,(anonymous_17)
FNDA:2,(anonymous_18)
FNDA:2,(anonymous_19)
FNDA:2,(anonymous_20)
FNDA:5,(anonymous_21)
FNDA:5,(anonymous_22)
FNDA:4,(anonymous_23)
FNDA:4,(anonymous_24)
FNDA:2,(anonymous_25)
DA:2,4
DA:3,4
DA:4,4
DA:5,4
DA:9,4
DA:11,4
DA:12,4
DA:13,4
DA:14,4
DA:15,0
DA:17,4
DA:19,4
DA:20,4
DA:26,4
DA:27,0
DA:28,0
DA:32,0
DA:33,0
DA:35,0
DA:36,0
DA:37,0
DA:38,0
DA:45,0
DA:46,0
DA:55,0
DA:59,7
DA:60,7
DA:61,7
DA:62,7
DA:63,7
DA:64,2
DA:66,5
DA:67,5
DA:68,5
DA:69,1
DA:71,4
DA:72,4
DA:73,4
DA:74,4
DA:75,4
DA:82,0
DA:86,9
DA:87,9
DA:88,9
DA:89,9
DA:90,3
DA:92,6
DA:93,6
DA:94,6
DA:95,1
DA:97,5
DA:98,5
DA:99,1
DA:102,4
DA:103,4
DA:104,4
DA:105,0
DA:107,4
DA:109,4
DA:110,4
DA:111,4
DA:117,0
DA:121,4
DA:122,3
DA:123,3
DA:124,3
DA:125,2
DA:126,2
DA:127,1
DA:130,1
DA:131,1
DA:132,1
DA:133,0
DA:134,0
DA:135,0
DA:137,2
DA:138,1
DA:139,1
DA:142,0
DA:143,0
DA:148,5
DA:149,5
DA:150,5
DA:151,5
DA:152,4
DA:153,4
DA:154,1
DA:155,1
DA:157,3
DA:158,3
DA:159,3
DA:160,2
DA:161,2
DA:162,2
DA:164,1
DA:165,1
DA:166,2
DA:167,1
DA:168,1
DA:169,1
DA:174,0
DA:179,4
LF:102
LH:81
BRDA:14,0,0,0
BRDA:14,0,1,4
BRDA:33,1,0,0
BRDA:33,1,1,0
BRDA:33,2,0,0
BRDA:33,2,1,0
BRDA:35,3,0,0
BRDA:37,4,0,0
BRDA:42,5,0,0
BRDA:42,5,1,0
BRDA:42,6,0,0
BRDA:42,6,1,0
BRDA:63,7,0,2
BRDA:63,8,0,7
BRDA:63,8,1,6
BRDA:68,9,0,1
BRDA:89,10,0,3
BRDA:89,11,0,9
BRDA:89,11,1,7
BRDA:94,12,0,1
BRDA:98,13,0,1
BRDA:104,14,0,0
BRDA:104,14,1,4
BRDA:123,15,0,3
BRDA:123,15,1,2
BRDA:124,16,0,1
BRDA:126,17,0,1
BRDA:132,18,0,0
BRDA:132,18,1,1
BRDA:132,19,0,1
BRDA:132,19,1,1
BRDA:150,20,0,5
BRDA:150,20,1,4
BRDA:151,21,0,1
BRDA:153,22,0,1
BRDA:159,23,0,2
BRDA:159,24,0,3
BRDA:159,24,1,3
BRF:38
BRH:25
end_of_record
TN:
SF:src/controllers/base_controller.ts
FN:7,(anonymous_7)
FN:11,(anonymous_8)
FN:26,(anonymous_10)
FN:39,(anonymous_12)
FN:50,(anonymous_14)
FN:62,(anonymous_16)
FN:78,(anonymous_18)
FNF:7
FNH:7
FNDA:8,(anonymous_7)
FNDA:7,(anonymous_8)
FNDA:4,(anonymous_10)
FNDA:3,(anonymous_12)
FNDA:2,(anonymous_14)
FNDA:2,(anonymous_16)
FNDA:4,(anonymous_18)
DA:4,4
DA:8,8
DA:12,7
DA:13,7
DA:14,7
DA:15,1
DA:16,1
DA:18,6
DA:19,6
DA:22,0
DA:27,4
DA:28,4
DA:29,4
DA:30,2
DA:31,2
DA:33,2
DA:35,2
DA:40,3
DA:41,3
DA:42,3
DA:43,2
DA:45,1
DA:46,1
DA:51,2
DA:52,2
DA:53,2
DA:54,2
DA:56,0
DA:57,0
DA:63,2
DA:64,2
DA:65,2
DA:66,2
DA:67,1
DA:69,1
DA:72,0
DA:73,0
DA:78,4
DA:79,4
DA:82,4
LF:40
LH:35
BRDA:14,0,0,1
BRDA:14,0,1,6
BRDA:66,1,0,1
BRDA:66,1,1,1
BRF:4
BRH:4
end_of_record
TN:
SF:src/controllers/property_controller.ts
FN:7,(anonymous_8)
FN:11,(anonymous_9)
FNF:2
FNH:2
FNDA:4,(anonymous_8)
FNDA:1,(anonymous_9)
DA:1,4
DA:4,4
DA:8,4
DA:12,1
DA:13,1
DA:14,1
DA:15,1
DA:16,1
DA:17,1
DA:21,4
LF:10
LH:10
BRF:0
BRH:0
end_of_record
TN:
SF:src/controllers/user_controller.ts
FNF:0
FNH:0
DA:1,4
DA:2,4
DA:4,4
DA:6,4
LF:4
LH:4
BRF:0
BRH:0
end_of_record
TN:
SF:src/models/property_model.ts
FNF:0
FNH:0
DA:1,4
DA:21,4
DA:77,4
LF:3
LH:3
BRF:0
BRH:0
end_of_record
TN:
SF:src/models/user_model.ts
FNF:0
FNH:0
DA:1,4
DA:13,4
DA:40,4
LF:3
LH:3
BRF:0
BRH:0
end_of_record
TN:
SF:src/routes/auth_route.ts
FNF:0
FNH:0
DA:1,4
DA:2,4
DA:3,4
DA:64,4
DA:65,4
DA:110,4
DA:125,4
DA:126,4
DA:128,4
LF:9
LH:9
BRF:0
BRH:0
end_of_record
TN:
SF:src/routes/file_route.ts
FN:8,(anonymous_1)
FN:11,(anonymous_2)
FN:55,(anonymous_3)
FNF:3
FNH:3
FNDA:1,(anonymous_1)
FNDA:1,(anonymous_2)
FNDA:1,(anonymous_3)
DA:1,4
DA:2,4
DA:3,4
DA:5,4
DA:7,4
DA:9,1
DA:12,1
DA:16,1
DA:19,4
DA:55,4
DA:56,1
DA:57,1
DA:59,4
LF:13
LH:13
BRF:0
BRH:0
end_of_record
TN:
SF:src/routes/property_route.ts
FNF:0
FNH:0
DA:1,4
DA:2,4
DA:3,4
DA:4,4
DA:85,4
DA:110,4
DA:134,4
DA:165,4
DA:186,4
DA:188,4
LF:10
LH:10
BRF:0
BRH:0
end_of_record
TN:
SF:src/routes/user_route.ts
FNF:0
FNH:0
DA:1,4
DA:2,4
DA:3,4
DA:4,4
DA:65,4
DA:90,4
DA:114,4
DA:145,4
DA:166,4
DA:168,4
LF:10
LH:10
BRF:0
BRH:0
end_of_record
