TN:
SF:src/app.ts
FN:13,(anonymous_1)
FN:31,(anonymous_2)
FN:33,(anonymous_3)
FN:34,(anonymous_4)
FN:36,(anonymous_5)
FNF:5
FNH:4
FNDA:3,(anonymous_1)
FNDA:3,(anonymous_2)
FNDA:3,(anonymous_3)
FNDA:0,(anonymous_4)
FNDA:3,(anonymous_5)
DA:1,3
DA:2,3
DA:3,3
DA:4,3
DA:5,3
DA:6,3
DA:7,3
DA:8,3
DA:9,3
DA:10,3
DA:11,3
DA:13,3
DA:14,3
DA:26,3
DA:28,3
DA:31,3
DA:32,3
DA:33,3
DA:34,3
DA:35,3
DA:36,3
DA:37,3
DA:38,3
DA:39,3
DA:40,3
DA:41,3
DA:42,3
DA:43,3
DA:44,3
DA:45,3
DA:48,3
DA:51,3
LF:32
LH:32
BRF:0
BRH:0
end_of_record
TN:
SF:src/common/auth_middleware.ts
FN:7,(anonymous_1)
FN:12,(anonymous_2)
FNF:2
FNH:2
FNDA:17,(anonymous_1)
FNDA:16,(anonymous_2)
DA:2,3
DA:7,3
DA:8,17
DA:9,17
DA:10,17
DA:11,17
DA:12,16
DA:13,16
DA:14,16
DA:15,14
DA:16,14
DA:20,3
LF:12
LH:12
BRDA:9,0,0,17
BRDA:9,0,1,16
BRDA:11,1,0,1
BRDA:14,2,0,2
BRF:4
BRH:4
end_of_record
TN:
SF:src/controllers/auth_controller.ts
FN:6,(anonymous_8)
FN:6,(anonymous_9)
FN:26,(anonymous_10)
FN:26,(anonymous_11)
FN:61,(anonymous_12)
FN:61,(anonymous_13)
FN:65,(anonymous_14)
FN:65,(anonymous_15)
FN:77,(anonymous_16)
FN:88,(anonymous_17)
FN:88,(anonymous_18)
FN:92,(anonymous_19)
FN:92,(anonymous_20)
FN:106,(anonymous_21)
FNF:14
FNH:14
FNDA:7,(anonymous_8)
FNDA:7,(anonymous_9)
FNDA:9,(anonymous_10)
FNDA:9,(anonymous_11)
FNDA:3,(anonymous_12)
FNDA:3,(anonymous_13)
FNDA:2,(anonymous_14)
FNDA:2,(anonymous_15)
FNDA:1,(anonymous_16)
FNDA:5,(anonymous_17)
FNDA:5,(anonymous_18)
FNDA:4,(anonymous_19)
FNDA:4,(anonymous_20)
FNDA:1,(anonymous_21)
DA:2,3
DA:3,3
DA:4,3
DA:6,7
DA:7,7
DA:8,7
DA:9,7
DA:10,2
DA:12,5
DA:13,5
DA:14,5
DA:15,1
DA:17,4
DA:18,4
DA:19,4
DA:20,4
DA:22,0
DA:26,9
DA:27,9
DA:28,9
DA:29,9
DA:30,3
DA:32,6
DA:33,6
DA:34,6
DA:35,1
DA:37,5
DA:38,5
DA:39,1
DA:42,4
DA:43,4
DA:44,4
DA:45,0
DA:47,4
DA:49,4
DA:50,4
DA:51,4
DA:57,0
DA:61,3
DA:62,3
DA:63,3
DA:64,3
DA:65,2
DA:66,2
DA:67,1
DA:70,1
DA:71,1
DA:72,1
DA:73,0
DA:74,0
DA:75,0
DA:77,1
DA:78,1
DA:79,1
DA:82,0
DA:83,0
DA:88,5
DA:89,5
DA:90,5
DA:91,5
DA:92,4
DA:93,4
DA:94,1
DA:95,1
DA:97,3
DA:98,3
DA:99,3
DA:100,2
DA:101,2
DA:102,2
DA:104,1
DA:105,1
DA:106,1
DA:107,1
DA:108,1
DA:109,1
DA:114,0
DA:119,3
LF:78
LH:69
BRDA:9,0,0,2
BRDA:9,1,0,7
BRDA:9,1,1,6
BRDA:14,2,0,1
BRDA:29,3,0,3
BRDA:29,4,0,9
BRDA:29,4,1,7
BRDA:34,5,0,1
BRDA:38,6,0,1
BRDA:44,7,0,0
BRDA:44,7,1,4
BRDA:63,8,0,3
BRDA:63,8,1,2
BRDA:64,9,0,1
BRDA:66,10,0,1
BRDA:72,11,0,0
BRDA:72,11,1,1
BRDA:72,12,0,1
BRDA:72,12,1,1
BRDA:90,13,0,5
BRDA:90,13,1,4
BRDA:91,14,0,1
BRDA:93,15,0,1
BRDA:99,16,0,2
BRDA:99,17,0,3
BRDA:99,17,1,3
BRF:26
BRH:24
end_of_record
TN:
SF:src/controllers/base_controller.ts
FN:7,(anonymous_7)
FN:11,(anonymous_8)
FN:26,(anonymous_10)
FN:39,(anonymous_12)
FN:50,(anonymous_14)
FN:62,(anonymous_16)
FN:78,(anonymous_18)
FNF:7
FNH:7
FNDA:6,(anonymous_7)
FNDA:7,(anonymous_8)
FNDA:4,(anonymous_10)
FNDA:3,(anonymous_12)
FNDA:2,(anonymous_14)
FNDA:2,(anonymous_16)
FNDA:3,(anonymous_18)
DA:4,3
DA:8,6
DA:12,7
DA:13,7
DA:14,7
DA:15,1
DA:16,1
DA:18,6
DA:19,6
DA:22,0
DA:27,4
DA:28,4
DA:29,4
DA:30,2
DA:31,2
DA:33,2
DA:35,2
DA:40,3
DA:41,3
DA:42,3
DA:43,2
DA:45,1
DA:46,1
DA:51,2
DA:52,2
DA:53,2
DA:54,2
DA:56,0
DA:57,0
DA:63,2
DA:64,2
DA:65,2
DA:66,2
DA:67,1
DA:69,1
DA:72,0
DA:73,0
DA:78,3
DA:79,3
DA:82,3
LF:40
LH:35
BRDA:14,0,0,1
BRDA:14,0,1,6
BRDA:66,1,0,1
BRDA:66,1,1,1
BRF:4
BRH:4
end_of_record
TN:
SF:src/controllers/property_controller.ts
FN:7,(anonymous_8)
FN:11,(anonymous_9)
FNF:2
FNH:2
FNDA:3,(anonymous_8)
FNDA:1,(anonymous_9)
DA:1,3
DA:4,3
DA:8,3
DA:12,1
DA:13,1
DA:14,1
DA:15,1
DA:19,3
LF:8
LH:8
BRF:0
BRH:0
end_of_record
TN:
SF:src/controllers/user_controller.ts
FNF:0
FNH:0
DA:1,3
DA:2,3
DA:4,3
DA:6,3
LF:4
LH:4
BRF:0
BRH:0
end_of_record
TN:
SF:src/models/property_model.ts
FNF:0
FNH:0
DA:1,3
DA:20,3
DA:62,3
LF:3
LH:3
BRF:0
BRH:0
end_of_record
TN:
SF:src/models/user_model.ts
FNF:0
FNH:0
DA:1,3
DA:12,3
DA:35,3
LF:3
LH:3
BRF:0
BRH:0
end_of_record
TN:
SF:src/routes/auth_route.ts
FNF:0
FNH:0
DA:1,3
DA:2,3
DA:3,3
DA:13,3
DA:14,3
DA:15,3
DA:16,3
DA:18,3
LF:8
LH:8
BRF:0
BRH:0
end_of_record
TN:
SF:src/routes/property_route.ts
FNF:0
FNH:0
DA:1,3
DA:2,3
DA:3,3
DA:4,3
DA:6,3
DA:8,3
DA:10,3
DA:12,3
DA:14,3
DA:16,3
LF:10
LH:10
BRF:0
BRH:0
end_of_record
TN:
SF:src/routes/user_route.ts
FNF:0
FNH:0
DA:1,3
DA:2,3
DA:3,3
DA:4,3
DA:6,3
DA:8,3
DA:10,3
DA:12,3
DA:14,3
DA:16,3
LF:10
LH:10
BRF:0
BRH:0
end_of_record
